19:07:08    16 -->                                                             [tcl] ucliGUI::connect -toolargs -ucligui -toolexe simv -pid 8194 -toolin /tmp/vcs_20201005110701_8192_msc30y20..stdin -toolout /tmp/vcs_20201005110701_8192_msc30y20..stdout  
19:07:08    17 -->                                                                 [tcl] set ucliGUI::state
19:07:08    18 -->                                                                     [tcl] gui_update_simulator_buttons
19:07:09    19 -->                                                                         [tcl] set ucliGUI::state
19:07:09    20 -->                                                                             [tcl] ucliCore::getToolPID
19:07:09    21 -->                                                                                 [tcl] synopsys::env hasTB
19:07:09    22 -->                                                                                     [tcl] trigger_hier_stack_context_switch 0
19:07:09    23 -->                                                                                         [tcl] synUtils::setDVEInitPhase 1
19:07:09    24 -->                                                                                             [tcl] gui_get_env SIMSETUP::SIMVPD
19:07:09    25 --> ...  [tcl] synopsys::dump -type VPD -file /home1/msc30y20/Desktop/Module4_FlipFlops/rtl/inter.vpd -locking
19:07:09    26 --> ...      [tcl] synopsys::dump -autoflush on -fid VPD0
19:07:09    27 --> ...          [tcl] set ::dve_fid VPD0
19:07:09    28 --> ...              [tcl] synUtils::setDVEInitPhase 0
19:07:09    29 --> ...                  [tcl] ucliCore::getToolPID
19:07:09    30 --> ...                      [tcl] synUtils::sendTool -active _icl_setToolSocket /tmp/smlnpRr4ajf
19:07:09    31 --> ...                          [tcl] synUtils::sendTool -active {_icl_start_rpc -version "I-2014.03-SP1" -sync_file /tmp/vcs_dve_rpc.msc30y20.8194}
19:07:09    32 --> ...                              [tcl] synUtils::sendTool -active {_icl_createSharedMemory /tmp/vcs_dve_general.msc30y20.8194}
19:07:09    33 --> ...                                  [tcl] dveMisc::vbusExpand StateMachine_tb
19:07:09    34 --> ...                                      [tcl] config endofsim noexit
19:07:09    35 --> ...                                          [tcl] config onfail enable all
19:07:09    36 --> ...                                              [tcl] config syscaddplainmembers
19:07:10    37 --> ...                                                  [tcl] config syscaddsourcenames
19:07:10    38 --> ...                                                      [tcl] config syscaddstructtypes
19:07:10    39 --> ...                                                          [tcl] synopsys::listing -disable
19:07:18    40 --> ...                                                              [tcl] ucliGUI::vpdAddHierarchy -scope StateMachine_tb -depth 1 -file /home1/msc30y20/Desktop/Module4_FlipFlops/rtl/inter.vpd; synopsys::dump -flush VPD0
19:07:18    41 --> ...                                                                  [tcl] synopsys::dump -add {StateMachine_tb.A StateMachine_tb.B StateMachine_tb.CIN StateMachine_tb.CLK StateMachine_tb.COUT StateMachine_tb.NRST StateMachine_tb.S StateMachine_tb.rst StateMachine_tb.start } -aggregates  -fid VPD0
19:07:21    42 --> ...                                                                      [tcl] synopsys::run
19:07:21    43 --> ...                                                                          [tcl] set ucliGUI::state
19:07:21    44 --> ...                                                                              [tcl] set ucliGUI::state
19:07:21    45 --> ...                                                                                  [tcl] set ucliGUI::state
19:07:21    46 --> ...                                                                                      [tcl] set ucliGUI::state
19:07:21    47 --> ...                                                                                          [tcl] catch {senv activeDomain} dveMisc::result 
19:07:21    48 --> ...                                                                                              [tcl] set dveMisc::result
19:07:21    49 --> ...                                                                                                  [tcl] gui_update_simulator_buttons
20:26:37    50 --> ...  [tcl] if [catch {gui_sim_terminate}] {gui_sim_terminate -kill}
20:26:37    51 --> ...      [tcl] synopsys::finish
20:26:37    52 --> ...          [tcl] set ucliGUI::state
20:26:38    53 --> ...              [tcl] set ucliGUI::state
20:26:38    54 --> ...                  [tcl] catch {senv activeDomain} dveMisc::result 
20:26:38    55 --> ...                      [tcl] set dveMisc::result
20:26:38    56 --> ...                          [tcl] gui_update_simulator_buttons
20:26:38    57 --> ...                              [tcl] catch {senv activeDomain} dveMisc::result 
20:26:38    58 --> ...                                  [tcl] set dveMisc::result
20:26:38    59 --> ...                                      [tcl] ucli_exit
